1670545165703	geckodriver	INFO	Listening on 127.0.0.1:50474
1670545166076	mozrunner::runner	INFO	Running command: "/Applications/Firefox.app/Contents/MacOS/firefox-bin" "--marionette" "--remote-debugging-port" "50475" "--remote-allow-hosts" "localhost" "-foreground" "-no-remote" "-profile" "/var/folders/st/gpw1ps417mn_p9t19gf5gjw80000gp/T/rust_mozprofileg2sFih"
2022-12-08 16:19:26.477 plugin-container[1060:21985] nil host used in call to allowsSpecificHTTPSCertificateForHost
2022-12-08 16:19:26.477 plugin-container[1060:21985] nil host used in call to allowsAnyHTTPSCertificateForHost:
2022-12-08 16:19:26.480 plugin-container[1060:21985] nil host used in call to allowsSpecificHTTPSCertificateForHost
2022-12-08 16:19:26.480 plugin-container[1060:21985] nil host used in call to allowsAnyHTTPSCertificateForHost:
2022-12-08 16:19:26.480 plugin-container[1060:21993] nil host used in call to allowsSpecificHTTPSCertificateForHost
2022-12-08 16:19:26.480 plugin-container[1060:21993] nil host used in call to allowsAnyHTTPSCertificateForHost:
1670545166501	Marionette	INFO	Marionette enabled
1670545166526	Marionette	INFO	Listening on port 50487
Read port: 50487
WebDriver BiDi listening on ws://127.0.0.1:50475
1670545166705	RemoteAgent	WARN	TLS certificate errors will be ignored for this session
console.warn: SearchSettings: "get: No settings file exists, new profile?" (new NotFoundError("Could not open the file at /var/folders/st/gpw1ps417mn_p9t19gf5gjw80000gp/T/rust_mozprofileg2sFih/search.json.mozlz4", (void 0)))
DevTools listening on ws://127.0.0.1:50475/devtools/browser/f40916f0-9e3c-4b81-b937-efbd6d97588b
JavaScript error: https://media.ethicalads.io/media/client/v1.4.0/ethicalads.min.js, line 1: Error: No ad placements found.
JavaScript error: resource:///actors/FormValidationChild.sys.mjs, line 178: TypeError: this._element is null
console.warn: LoginRecipes: "Falling back to a synchronous message for: https://www.python.org."
1670545168794	Marionette	INFO	Stopped listening on port 50487
JavaScript error: resource://services-settings/Utils.jsm, line 239: TypeError: NetworkError: Network request failed
1670545193583	geckodriver	INFO	Listening on 127.0.0.1:50541
1670545193590	mozrunner::runner	INFO	Running command: "/Applications/Firefox.app/Contents/MacOS/firefox-bin" "--marionette" "--remote-debugging-port" "50542" "--remote-allow-hosts" "localhost" "-foreground" "-no-remote" "-profile" "/var/folders/st/gpw1ps417mn_p9t19gf5gjw80000gp/T/rust_mozprofileFzClSt"
2022-12-08 16:19:53.958 plugin-container[1094:22533] nil host used in call to allowsSpecificHTTPSCertificateForHost
2022-12-08 16:19:53.958 plugin-container[1094:22533] nil host used in call to allowsAnyHTTPSCertificateForHost:
2022-12-08 16:19:53.960 plugin-container[1094:22533] nil host used in call to allowsSpecificHTTPSCertificateForHost
2022-12-08 16:19:53.960 plugin-container[1094:22533] nil host used in call to allowsAnyHTTPSCertificateForHost:
2022-12-08 16:19:53.961 plugin-container[1094:22541] nil host used in call to allowsSpecificHTTPSCertificateForHost
2022-12-08 16:19:53.961 plugin-container[1094:22541] nil host used in call to allowsAnyHTTPSCertificateForHost:
1670545193971	Marionette	INFO	Marionette enabled
1670545193996	Marionette	INFO	Listening on port 50549
Read port: 50549
WebDriver BiDi listening on ws://127.0.0.1:50542
1670545194256	RemoteAgent	WARN	TLS certificate errors will be ignored for this session
console.warn: SearchSettings: "get: No settings file exists, new profile?" (new NotFoundError("Could not open the file at /var/folders/st/gpw1ps417mn_p9t19gf5gjw80000gp/T/rust_mozprofileFzClSt/search.json.mozlz4", (void 0)))
DevTools listening on ws://127.0.0.1:50542/devtools/browser/2b8eb44e-f2e2-4f39-a6d3-8ea8366a0ec4
JavaScript error: https://media.ethicalads.io/media/client/v1.4.0/ethicalads.min.js, line 1: Error: No ad placements found.
JavaScript error: resource:///actors/FormValidationChild.sys.mjs, line 178: TypeError: this._element is null
console.warn: LoginRecipes: "Falling back to a synchronous message for: https://www.python.org."
JavaScript error: https://media.ethicalads.io/media/client/v1.4.0/ethicalads.min.js, line 1: Error: No ad placements found.
JavaScript error: resource:///actors/FormValidationChild.sys.mjs, line 178: TypeError: this._element is null
1670545206582	Marionette	INFO	Stopped listening on port 50549
1670545675635	geckodriver	INFO	Listening on 127.0.0.1:51510
1670545676109	mozrunner::runner	INFO	Running command: "/Applications/Firefox.app/Contents/MacOS/firefox-bin" "--marionette" "--remote-debugging-port" "51511" "--remote-allow-hosts" "localhost" "-foreground" "-no-remote" "-profile" "/var/folders/st/gpw1ps417mn_p9t19gf5gjw80000gp/T/rust_mozprofilemMJzrX"
2022-12-08 16:27:56.509 plugin-container[1381:28534] nil host used in call to allowsSpecificHTTPSCertificateForHost
2022-12-08 16:27:56.510 plugin-container[1381:28534] nil host used in call to allowsAnyHTTPSCertificateForHost:
2022-12-08 16:27:56.513 plugin-container[1381:28534] nil host used in call to allowsSpecificHTTPSCertificateForHost
2022-12-08 16:27:56.513 plugin-container[1381:28534] nil host used in call to allowsAnyHTTPSCertificateForHost:
2022-12-08 16:27:56.513 plugin-container[1381:28540] nil host used in call to allowsSpecificHTTPSCertificateForHost
2022-12-08 16:27:56.513 plugin-container[1381:28540] nil host used in call to allowsAnyHTTPSCertificateForHost:
1670545676525	Marionette	INFO	Marionette enabled
1670545676550	Marionette	INFO	Listening on port 51521
Read port: 51521
WebDriver BiDi listening on ws://127.0.0.1:51511
1670545676739	RemoteAgent	WARN	TLS certificate errors will be ignored for this session
console.warn: SearchSettings: "get: No settings file exists, new profile?" (new NotFoundError("Could not open the file at /var/folders/st/gpw1ps417mn_p9t19gf5gjw80000gp/T/rust_mozprofilemMJzrX/search.json.mozlz4", (void 0)))
DevTools listening on ws://127.0.0.1:51511/devtools/browser/58d32014-ca55-4df6-a92f-cd4540b1cb38
1670545681960	Marionette	INFO	Stopped listening on port 51521
